#
# There is insufficient memory for the Java Runtime Environment to continue.
# Native memory allocation (malloc) failed to allocate 40370176 bytes for committing reserved memory.
# Possible reasons:
#   The system is out of physical RAM or swap space
#   In 32 bit mode, the process size limit was hit
# Possible solutions:
#   Reduce memory load on the system
#   Increase physical memory or swap space
#   Check if swap backing store is full
#   Use 64 bit Java on a 64 bit OS
#   Decrease Java heap size (-Xmx/-Xms)
#   Decrease number of Java threads
#   Decrease Java thread stack sizes (-Xss)
#   Set larger code cache with -XX:ReservedCodeCacheSize=
# This output file may be truncated or incomplete.
#
#  Out of Memory Error (os_linux.cpp:2756), pid=2932, tid=139944728184576
#
# JRE version: Java(TM) SE Runtime Environment (7.0_80-b15) (build 1.7.0_80-b15)
# Java VM: Java HotSpot(TM) 64-Bit Server VM (24.80-b11 mixed mode linux-amd64 compressed oops)
# Failed to write core dump. Core dumps have been disabled. To enable core dumping, try "ulimit -c unlimited" before starting Java again
#

---------------  T H R E A D  ---------------

Current thread (0x00007f477406a800):  VMThread [stack: 0x00007f476bbfc000,0x00007f476bcfd000] [id=2953]

Stack: [0x00007f476bbfc000,0x00007f476bcfd000],  sp=0x00007f476bcfb3e0,  free space=1020k
Native frames: (J=compiled Java code, j=interpreted, Vv=VM code, C=native code)
V  [libjvm.so+0x9a320a]  VMError::report_and_die()+0x2ea
V  [libjvm.so+0x498d3b]  report_vm_out_of_memory(char const*, int, unsigned long, char const*)+0x9b
V  [libjvm.so+0x82191e]  os::Linux::commit_memory_impl(char*, unsigned long, bool)+0xfe
V  [libjvm.so+0x821e69]  os::pd_commit_memory(char*, unsigned long, unsigned long, bool)+0x29
V  [libjvm.so+0x81bb6a]  os::commit_memory(char*, unsigned long, unsigned long, bool)+0x2a
V  [libjvm.so+0x88d623]  PSVirtualSpace::expand_by(unsigned long)+0x53
V  [libjvm.so+0x87ca80]  PSOldGen::expand(unsigned long)+0x170
V  [libjvm.so+0x87cc8b]  PSOldGen::resize(unsigned long)+0x1cb
V  [libjvm.so+0x885951]  PSParallelCompact::invoke_no_policy(bool)+0x9b1
V  [libjvm.so+0x88b8cd]  PSScavenge::invoke()+0x1ad
V  [libjvm.so+0x843f40]  ParallelScavengeHeap::failed_mem_allocate(unsigned long)+0x70
V  [libjvm.so+0x9a4a97]  VM_ParallelGCFailedAllocation::doit()+0x97
V  [libjvm.so+0x9abf35]  VM_Operation::evaluate()+0x55
V  [libjvm.so+0x9aa2fa]  VMThread::evaluate_operation(VM_Operation*)+0xba
V  [libjvm.so+0x9aa67e]  VMThread::loop()+0x1ce
V  [libjvm.so+0x9aaaf0]  VMThread::run()+0x70
V  [libjvm.so+0x8238c8]  java_start(Thread*)+0x108

VM_Operation (0x00007f477d257f70): ParallelGCFailedAllocation, mode: safepoint, requested by thread 0x00007f477400a800


---------------  P R O C E S S  ---------------

Java Threads: ( => current thread )
  0x00007f477412d000 JavaThread "Monitor Ctrl-Break" daemon [_thread_in_native, id=2969, stack(0x00007f476a90e000,0x00007f476aa0f000)]
  0x00007f47740a2800 JavaThread "Service Thread" daemon [_thread_blocked, id=2965, stack(0x00007f476ada3000,0x00007f476aea4000)]
  0x00007f47740a0000 JavaThread "C2 CompilerThread1" daemon [_thread_blocked, id=2962, stack(0x00007f476aea4000,0x00007f476afa5000)]
  0x00007f477409d000 JavaThread "C2 CompilerThread0" daemon [_thread_blocked, id=2961, stack(0x00007f476afa5000,0x00007f476b0a6000)]
  0x00007f477409b000 JavaThread "Signal Dispatcher" daemon [_thread_blocked, id=2959, stack(0x00007f476b0a6000,0x00007f476b1a7000)]
  0x00007f4774071000 JavaThread "Finalizer" daemon [_thread_blocked, id=2958, stack(0x00007f476b9fa000,0x00007f476bafb000)]
  0x00007f477406f000 JavaThread "Reference Handler" daemon [_thread_blocked, id=2956, stack(0x00007f476bafb000,0x00007f476bbfc000)]
  0x00007f477400a800 JavaThread "main" [_thread_blocked, id=2934, stack(0x00007f477d159000,0x00007f477d25a000)]

Other Threads:
=>0x00007f477406a800 VMThread [stack: 0x00007f476bbfc000,0x00007f476bcfd000] [id=2953]
  0x00007f47740ad000 WatcherThread [stack: 0x00007f476aca2000,0x00007f476ada3000] [id=2967]

VM state:at safepoint (normal execution)

VM Mutex/Monitor currently owned by a thread:  ([mutex/lock_event])
[0x00007f47740063b0] ExpandHeap_lock - owner thread: 0x00007f477406a800
[0x00007f4774006a30] Threads_lock - owner thread: 0x00007f477406a800
[0x00007f4774006f30] Heap_lock - owner thread: 0x00007f477400a800

Heap
 PSYoungGen      total 27648K, used 0K [0x00000000efa00000, 0x00000000f3280000, 0x0000000100000000)
  eden space 25600K, 0% used [0x00000000efa00000,0x00000000efa00000,0x00000000f1300000)
  from space 2048K, 0% used [0x00000000f1300000,0x00000000f1300000,0x00000000f1500000)
  to   space 15360K, 0% used [0x00000000f2380000,0x00000000f2380000,0x00000000f3280000)
 ParOldGen       total 56320K, used 46482K [0x00000000cee00000, 0x00000000d2500000, 0x00000000efa00000)
  object space 56320K, 82% used [0x00000000cee00000,0x00000000d1b64850,0x00000000d2500000)
 PSPermGen       total 21504K, used 3399K [0x00000000c9c00000, 0x00000000cb100000, 0x00000000cee00000)
  object space 21504K, 15% used [0x00000000c9c00000,0x00000000c9f51e68,0x00000000cb100000)

Card table byte_map: [0x00007f477a23c000,0x00007f477a3ef000] byte_map_base: 0x00007f4779bee000

Polling page: 0x00007f477d158000

Code Cache  [0x00007f4771000000, 0x00007f4771270000, 0x00007f4774000000)
 total_blobs=244 nmethods=48 adapters=151 free_code_cache=48685Kb largest_free_block=49837248

Compilation events (10 events):
Event: 16,988 Thread 0x00007f47740a0000 nmethod 43% 0x00007f477106fa50 code [0x00007f477106fbe0, 0x00007f477106fe78]
Event: 17,014 Thread 0x00007f477409d000 nmethod 41 0x00007f4771072510 code [0x00007f47710726c0, 0x00007f4771072cf8]
Event: 17,196 Thread 0x00007f47740a0000   45             java.util.TreeMap::rotateRight (96 bytes)
Event: 17,199 Thread 0x00007f47740a0000 nmethod 45 0x00007f4771073910 code [0x00007f4771073a60, 0x00007f4771073b98]
Event: 17,199 Thread 0x00007f47740a0000   46             java.util.TreeMap::rotateLeft (96 bytes)
Event: 17,202 Thread 0x00007f47740a0000 nmethod 46 0x00007f4771073590 code [0x00007f47710736e0, 0x00007f4771073818]
Event: 18,890 Thread 0x00007f477409d000   47             java.util.TreeMap::rotateLeft (96 bytes)
Event: 18,893 Thread 0x00007f477409d000 nmethod 47 0x00007f477106b710 code [0x00007f477106b860, 0x00007f477106b998]
Event: 24,432 Thread 0x00007f477409d000   48             java.util.TreeMap::rotateRight (96 bytes)
Event: 24,713 Thread 0x00007f477409d000 nmethod 48 0x00007f477106b3d0 code [0x00007f477106b520, 0x00007f477106b638]

GC Heap History (10 events):
Event: 19,081 GC heap after
Heap after GC invocations=2 (full 0):
 PSYoungGen      total 14848K, used 2048K [0x00000000efa00000, 0x00000000f1700000, 0x0000000100000000)
  eden space 12800K, 0% used [0x00000000efa00000,0x00000000efa00000,0x00000000f0680000)
  from space 2048K, 100% used [0x00000000f0880000,0x00000000f0a80000,0x00000000f0a80000)
  to   space 2048K, 0% used [0x00000000f0680000,0x00000000f0680000,0x00000000f0880000)
 ParOldGen       total 33280K, used 14600K [0x00000000cee00000, 0x00000000d0e80000, 0x00000000efa00000)
  object space 33280K, 43% used [0x00000000cee00000,0x00000000cfc42050,0x00000000d0e80000)
 PSPermGen       total 21504K, used 3400K [0x00000000c9c00000, 0x00000000cb100000, 0x00000000cee00000)
  object space 21504K, 15% used [0x00000000c9c00000,0x00000000c9f52318,0x00000000cb100000)
}
Event: 20,216 GC heap before
{Heap before GC invocations=3 (full 0):
 PSYoungGen      total 14848K, used 14848K [0x00000000efa00000, 0x00000000f1700000, 0x0000000100000000)
  eden space 12800K, 100% used [0x00000000efa00000,0x00000000f0680000,0x00000000f0680000)
  from space 2048K, 100% used [0x00000000f0880000,0x00000000f0a80000,0x00000000f0a80000)
  to   space 2048K, 0% used [0x00000000f0680000,0x00000000f0680000,0x00000000f0880000)
 ParOldGen       total 33280K, used 14600K [0x00000000cee00000, 0x00000000d0e80000, 0x00000000efa00000)
  object space 33280K, 43% used [0x00000000cee00000,0x00000000cfc42050,0x00000000d0e80000)
 PSPermGen       total 21504K, used 3400K [0x00000000c9c00000, 0x00000000cb100000, 0x00000000cee00000)
  object space 21504K, 15% used [0x00000000c9c00000,0x00000000c9f52318,0x00000000cb100000)
Event: 20,360 GC heap after
Heap after GC invocations=3 (full 0):
 PSYoungGen      total 14848K, used 2048K [0x00000000efa00000, 0x00000000f1700000, 0x0000000100000000)
  eden space 12800K, 0% used [0x00000000efa00000,0x00000000efa00000,0x00000000f0680000)
  from space 2048K, 100% used [0x00000000f0680000,0x00000000f0880000,0x00000000f0880000)
  to   space 2048K, 0% used [0x00000000f1500000,0x00000000f1500000,0x00000000f1700000)
 ParOldGen       total 33280K, used 23360K [0x00000000cee00000, 0x00000000d0e80000, 0x00000000efa00000)
  object space 33280K, 70% used [0x00000000cee00000,0x00000000d04d0050,0x00000000d0e80000)
 PSPermGen       total 21504K, used 3400K [0x00000000c9c00000, 0x00000000cb100000, 0x00000000cee00000)
  object space 21504K, 15% used [0x00000000c9c00000,0x00000000c9f52318,0x00000000cb100000)
}
Event: 20,360 GC heap before
{Heap before GC invocations=4 (full 1):
 PSYoungGen      total 14848K, used 2048K [0x00000000efa00000, 0x00000000f1700000, 0x0000000100000000)
  eden space 12800K, 0% used [0x00000000efa00000,0x00000000efa00000,0x00000000f0680000)
  from space 2048K, 100% used [0x00000000f0680000,0x00000000f0880000,0x00000000f0880000)
  to   space 2048K, 0% used [0x00000000f1500000,0x00000000f1500000,0x00000000f1700000)
 ParOldGen       total 33280K, used 23360K [0x00000000cee00000, 0x00000000d0e80000, 0x00000000efa00000)
  object space 33280K, 70% used [0x00000000cee00000,0x00000000d04d0050,0x00000000d0e80000)
 PSPermGen       total 21504K, used 3400K [0x00000000c9c00000, 0x00000000cb100000, 0x00000000cee00000)
  object space 21504K, 15% used [0x00000000c9c00000,0x00000000c9f52318,0x00000000cb100000)
Event: 22,424 GC heap after
Heap after GC invocations=4 (full 1):
 PSYoungGen      total 14848K, used 0K [0x00000000efa00000, 0x00000000f1700000, 0x0000000100000000)
  eden space 12800K, 0% used [0x00000000efa00000,0x00000000efa00000,0x00000000f0680000)
  from space 2048K, 0% used [0x00000000f0680000,0x00000000f0680000,0x00000000f0880000)
  to   space 2048K, 0% used [0x00000000f1500000,0x00000000f1500000,0x00000000f1700000)
 ParOldGen       total 56320K, used 25246K [0x00000000cee00000, 0x00000000d2500000, 0x00000000efa00000)
  object space 56320K, 44% used [0x00000000cee00000,0x00000000d06a79e8,0x00000000d2500000)
 PSPermGen       total 21504K, used 3399K [0x00000000c9c00000, 0x00000000cb100000, 0x00000000cee00000)
  object space 21504K, 15% used [0x00000000c9c00000,0x00000000c9f51e68,0x00000000cb100000)
}
Event: 23,466 GC heap before
{Heap before GC invocations=5 (full 1):
 PSYoungGen      total 14848K, used 12800K [0x00000000efa00000, 0x00000000f1700000, 0x0000000100000000)
  eden space 12800K, 100% used [0x00000000efa00000,0x00000000f0680000,0x00000000f0680000)
  from space 2048K, 0% used [0x00000000f0680000,0x00000000f0680000,0x00000000f0880000)
  to   space 2048K, 0% used [0x00000000f1500000,0x00000000f1500000,0x00000000f1700000)
 ParOldGen       total 56320K, used 25246K [0x00000000cee00000, 0x00000000d2500000, 0x00000000efa00000)
  object space 56320K, 44% used [0x00000000cee00000,0x00000000d06a79e8,0x00000000d2500000)
 PSPermGen       total 21504K, used 3399K [0x00000000c9c00000, 0x00000000cb100000, 0x00000000cee00000)
  object space 21504K, 15% used [0x00000000c9c00000,0x00000000c9f51e68,0x00000000cb100000)
Event: 23,577 GC heap after
Heap after GC invocations=5 (full 1):
 PSYoungGen      total 20480K, used 2048K [0x00000000efa00000, 0x00000000f1700000, 0x0000000100000000)
  eden space 18432K, 0% used [0x00000000efa00000,0x00000000efa00000,0x00000000f0c00000)
  from space 2048K, 100% used [0x00000000f1500000,0x00000000f1700000,0x00000000f1700000)
  to   space 2048K, 0% used [0x00000000f1300000,0x00000000f1300000,0x00000000f1500000)
 ParOldGen       total 56320K, used 31942K [0x00000000cee00000, 0x00000000d2500000, 0x00000000efa00000)
  object space 56320K, 56% used [0x00000000cee00000,0x00000000d0d319e8,0x00000000d2500000)
 PSPermGen       total 21504K, used 3399K [0x00000000c9c00000, 0x00000000cb100000, 0x00000000cee00000)
  object space 21504K, 15% used [0x00000000c9c00000,0x00000000c9f51e68,0x00000000cb100000)
}
Event: 25,370 GC heap before
{Heap before GC invocations=6 (full 1):
 PSYoungGen      total 20480K, used 20480K [0x00000000efa00000, 0x00000000f1700000, 0x0000000100000000)
  eden space 18432K, 100% used [0x00000000efa00000,0x00000000f0c00000,0x00000000f0c00000)
  from space 2048K, 100% used [0x00000000f1500000,0x00000000f1700000,0x00000000f1700000)
  to   space 2048K, 0% used [0x00000000f1300000,0x00000000f1300000,0x00000000f1500000)
 ParOldGen       total 56320K, used 31942K [0x00000000cee00000, 0x00000000d2500000, 0x00000000efa00000)
  object space 56320K, 56% used [0x00000000cee00000,0x00000000d0d319e8,0x00000000d2500000)
 PSPermGen       total 21504K, used 3399K [0x00000000c9c00000, 0x00000000cb100000, 0x00000000cee00000)
  object space 21504K, 15% used [0x00000000c9c00000,0x00000000c9f51e68,0x00000000cb100000)
Event: 25,824 GC heap after
Heap after GC invocations=6 (full 1):
 PSYoungGen      total 27648K, used 2048K [0x00000000efa00000, 0x00000000f3280000, 0x0000000100000000)
  eden space 25600K, 0% used [0x00000000efa00000,0x00000000efa00000,0x00000000f1300000)
  from space 2048K, 100% used [0x00000000f1300000,0x00000000f1500000,0x00000000f1500000)
  to   space 15360K, 0% used [0x00000000f2380000,0x00000000f2380000,0x00000000f3280000)
 ParOldGen       total 56320K, used 44542K [0x00000000cee00000, 0x00000000d2500000, 0x00000000efa00000)
  object space 56320K, 79% used [0x00000000cee00000,0x00000000d197f9e8,0x00000000d2500000)
 PSPermGen       total 21504K, used 3399K [0x00000000c9c00000, 0x00000000cb100000, 0x00000000cee00000)
  object space 21504K, 15% used [0x00000000c9c00000,0x00000000c9f51e68,0x00000000cb100000)
}
Event: 25,842 GC heap before
{Heap before GC invocations=7 (full 2):
 PSYoungGen      total 27648K, used 2048K [0x00000000efa00000, 0x00000000f3280000, 0x0000000100000000)
  eden space 25600K, 0% used [0x00000000efa00000,0x00000000efa00000,0x00000000f1300000)
  from space 2048K, 100% used [0x00000000f1300000,0x00000000f1500000,0x00000000f1500000)
  to   space 15360K, 0% used [0x00000000f2380000,0x00000000f2380000,0x00000000f3280000)
 ParOldGen       total 56320K, used 44542K [0x00000000cee00000, 0x00000000d2500000, 0x00000000efa00000)
  object space 56320K, 79% used [0x00000000cee00000,0x00000000d197f9e8,0x00000000d2500000)
 PSPermGen       total 21504K, used 3399K [0x00000000c9c00000, 0x00000000cb100000, 0x00000000cee00000)
  object space 21504K, 15% used [0x00000000c9c00000,0x00000000c9f51e68,0x00000000cb100000)

Deoptimization events (3 events):
Event: 15,526 Thread 0x00007f477400a800 Uncommon trap: reason=unstable_if action=reinterpret pc=0x00007f47710606b4 method=java.lang.String.indexOf(II)I @ 49
Event: 18,270 Thread 0x00007f477400a800 Uncommon trap: reason=unstable_if action=reinterpret pc=0x00007f47710737e8 method=java.util.TreeMap.rotateLeft(Ljava/util/TreeMap$Entry;)V @ 44
Event: 23,710 Thread 0x00007f477400a800 Uncommon trap: reason=unstable_if action=reinterpret pc=0x00007f4771073b60 method=java.util.TreeMap.rotateRight(Ljava/util/TreeMap$Entry;)V @ 44

Internal exceptions (10 events):
Event: 2,386 Thread 0x00007f477400a800 Threw 0x00000000efb0ac40 at /HUDSON/workspace/7u-2-build-linux-amd64/jdk7u80/2329/hotspot/src/share/vm/prims/jvm.cpp:1319
Event: 2,387 Thread 0x00007f477400a800 Threw 0x00000000efb0e218 at /HUDSON/workspace/7u-2-build-linux-amd64/jdk7u80/2329/hotspot/src/share/vm/prims/jvm.cpp:1319
Event: 2,415 Thread 0x00007f477400a800 Threw 0x00000000efb11810 at /HUDSON/workspace/7u-2-build-linux-amd64/jdk7u80/2329/hotspot/src/share/vm/prims/jvm.cpp:1319
Event: 2,416 Thread 0x00007f477400a800 Threw 0x00000000efb14bd8 at /HUDSON/workspace/7u-2-build-linux-amd64/jdk7u80/2329/hotspot/src/share/vm/prims/jvm.cpp:1319
Event: 2,431 Thread 0x00007f477400a800 Threw 0x00000000efb19510 at /HUDSON/workspace/7u-2-build-linux-amd64/jdk7u80/2329/hotspot/src/share/vm/prims/jvm.cpp:1319
Event: 2,452 Thread 0x00007f477400a800 Threw 0x00000000efb22bf8 at /HUDSON/workspace/7u-2-build-linux-amd64/jdk7u80/2329/hotspot/src/share/vm/prims/jvm.cpp:1319
Event: 15,393 Thread 0x00007f477400a800 Threw 0x00000000efb38f50 at /HUDSON/workspace/7u-2-build-linux-amd64/jdk7u80/2329/hotspot/src/share/vm/prims/jvm.cpp:1319
Event: 15,440 Thread 0x00007f477400a800 Threw 0x00000000efb3c710 at /HUDSON/workspace/7u-2-build-linux-amd64/jdk7u80/2329/hotspot/src/share/vm/prims/jvm.cpp:1319
Event: 18,258 Thread 0x00007f477400a800 Implicit null exception at 0x00007f477107374d to 0x00007f47710737cd
Event: 23,634 Thread 0x00007f477400a800 Implicit null exception at 0x00007f4771073acc to 0x00007f4771073b49

Events (10 events):
Event: 18,947 Executing VM operation: ParallelGCFailedAllocation
Event: 19,081 Executing VM operation: ParallelGCFailedAllocation done
Event: 20,216 Executing VM operation: ParallelGCFailedAllocation
Event: 22,424 Executing VM operation: ParallelGCFailedAllocation done
Event: 23,466 Executing VM operation: ParallelGCFailedAllocation
Event: 23,598 Executing VM operation: ParallelGCFailedAllocation done
Event: 23,643 Thread 0x00007f477400a800 Uncommon trap: trap_request=0xffffff75 fr.pc=0x00007f4771073b60
Event: 23,736 Thread 0x00007f477400a800 DEOPT PACKING pc=0x00007f4771073b60 sp=0x00007f477d258080
Event: 23,748 Thread 0x00007f477400a800 DEOPT UNPACKING pc=0x00007f4771039045 sp=0x00007f477d258040 mode 2
Event: 25,370 Executing VM operation: ParallelGCFailedAllocation


Dynamic libraries:
00400000-00401000 r-xp 00000000 08:06 278204                             /usr/lib/jvm/java-7-oracle/bin/java
00600000-00601000 rw-p 00000000 08:06 278204                             /usr/lib/jvm/java-7-oracle/bin/java
0218f000-021b0000 rw-p 00000000 00:00 0                                  [heap]
c9c00000-cb100000 rw-p 00000000 00:00 0 
cb100000-cee00000 rw-p 00000000 00:00 0 
cee00000-d2500000 rw-p 00000000 00:00 0 
d4b80000-efa00000 rw-p 00000000 00:00 0 
efa00000-f3280000 rw-p 00000000 00:00 0 
f3280000-100000000 rw-p 00000000 00:00 0 
7f4734000000-7f4734021000 rw-p 00000000 00:00 0 
7f4734021000-7f4738000000 ---p 00000000 00:00 0 
7f4738000000-7f4738021000 rw-p 00000000 00:00 0 
7f4738021000-7f473c000000 ---p 00000000 00:00 0 
7f473c000000-7f473c288000 rw-p 00000000 00:00 0 
7f473c288000-7f4740000000 ---p 00000000 00:00 0 
7f4740000000-7f4740021000 rw-p 00000000 00:00 0 
7f4740021000-7f4744000000 ---p 00000000 00:00 0 
7f4744000000-7f4744021000 rw-p 00000000 00:00 0 
7f4744021000-7f4748000000 ---p 00000000 00:00 0 
7f4748000000-7f47482de000 rw-p 00000000 00:00 0 
7f47482de000-7f474c000000 ---p 00000000 00:00 0 
7f474c000000-7f474c021000 rw-p 00000000 00:00 0 
7f474c021000-7f4750000000 ---p 00000000 00:00 0 
7f4750000000-7f4750021000 rw-p 00000000 00:00 0 
7f4750021000-7f4754000000 ---p 00000000 00:00 0 
7f4754000000-7f4754021000 rw-p 00000000 00:00 0 
7f4754021000-7f4758000000 ---p 00000000 00:00 0 
7f4758000000-7f4758252000 rw-p 00000000 00:00 0 
7f4758252000-7f475c000000 ---p 00000000 00:00 0 
7f475c000000-7f475c021000 rw-p 00000000 00:00 0 
7f475c021000-7f4760000000 ---p 00000000 00:00 0 
7f4764000000-7f4764021000 rw-p 00000000 00:00 0 
7f4764021000-7f4768000000 ---p 00000000 00:00 0 
7f476a3bf000-7f476a3c6000 r--s 00000000 08:06 263471                     /usr/lib/x86_64-linux-gnu/gconv/gconv-modules.cache
7f476a3c7000-7f476a3f6000 r--p 00000000 08:06 417671                     /usr/share/locale-langpack/ru/LC_MESSAGES/libc.mo
7f476a3f6000-7f476a6f7000 rw-p 00000000 00:00 0 
7f476a6f7000-7f476a70e000 r-xp 00000000 08:06 277629                     /usr/lib/jvm/java-7-oracle/jre/lib/amd64/libnet.so
7f476a70e000-7f476a90d000 ---p 00017000 08:06 277629                     /usr/lib/jvm/java-7-oracle/jre/lib/amd64/libnet.so
7f476a90d000-7f476a90e000 rw-p 00016000 08:06 277629                     /usr/lib/jvm/java-7-oracle/jre/lib/amd64/libnet.so
7f476a90e000-7f476a911000 ---p 00000000 00:00 0 
7f476a911000-7f476aa0f000 rw-p 00000000 00:00 0                          [stack:2969]
7f476aa0f000-7f476aa10000 r-xp 00000000 08:07 146555                     /home/anastasia/idea-IU-143.1821.5/bin/libbreakgen64.so
7f476aa10000-7f476ac0f000 ---p 00001000 08:07 146555                     /home/anastasia/idea-IU-143.1821.5/bin/libbreakgen64.so
7f476ac0f000-7f476ac10000 r--p 00000000 08:07 146555                     /home/anastasia/idea-IU-143.1821.5/bin/libbreakgen64.so
7f476ac10000-7f476ac11000 rw-p 00001000 08:07 146555                     /home/anastasia/idea-IU-143.1821.5/bin/libbreakgen64.so
7f476ac13000-7f476aca2000 r--s 00de4000 08:06 277709                     /usr/lib/jvm/java-7-oracle/jre/lib/jfxrt.jar
7f476aca2000-7f476aca3000 ---p 00000000 00:00 0 
7f476aca3000-7f476ada3000 rw-p 00000000 00:00 0                          [stack:2967]
7f476ada3000-7f476ada6000 ---p 00000000 00:00 0 
7f476ada6000-7f476aea4000 rw-p 00000000 00:00 0                          [stack:2965]
7f476aea4000-7f476aea7000 ---p 00000000 00:00 0 
7f476aea7000-7f476afa5000 rw-p 00000000 00:00 0                          [stack:2962]
7f476afa5000-7f476afa8000 ---p 00000000 00:00 0 
7f476afa8000-7f476b0a6000 rw-p 00000000 00:00 0                          [stack:2961]
7f476b0a6000-7f476b0a9000 ---p 00000000 00:00 0 
7f476b0a9000-7f476b1a7000 rw-p 00000000 00:00 0                          [stack:2959]
7f476b1a7000-7f476b9f5000 r--p 00000000 08:06 6991                       /usr/lib/locale/locale-archive
7f476b9fa000-7f476b9fd000 ---p 00000000 00:00 0 
7f476b9fd000-7f476bafb000 rw-p 00000000 00:00 0                          [stack:2958]
7f476bafb000-7f476bafe000 ---p 00000000 00:00 0 
7f476bafe000-7f476bbfc000 rw-p 00000000 00:00 0                          [stack:2956]
7f476bbfc000-7f476bbfd000 ---p 00000000 00:00 0 
7f476bbfd000-7f476c000000 rw-p 00000000 00:00 0                          [stack:2953]
7f476c000000-7f476c021000 rw-p 00000000 00:00 0 
7f476c021000-7f4770000000 ---p 00000000 00:00 0 
7f4770002000-7f4770006000 r--s 0008b000 08:06 277728                     /usr/lib/jvm/java-7-oracle/jre/lib/jsse.jar
7f477000d000-7f477000f000 r--s 0001e000 08:07 146653                     /home/anastasia/idea-IU-143.1821.5/lib/idea_rt.jar
7f4770011000-7f4770014000 r--s 00012000 08:07 153000                     /home/anastasia/javax.json-1.0.4.jar
7f477001a000-7f4770024000 r--s 00253000 08:06 277672                     /usr/lib/jvm/java-7-oracle/jre/lib/resources.jar
7f4770025000-7f4770038000 r--s 000d6000 08:06 277582                     /usr/lib/jvm/java-7-oracle/jre/lib/plugin.jar
7f477003f000-7f4770040000 r--s 00000000 08:06 277732                     /usr/lib/jvm/java-7-oracle/jre/lib/management-agent.jar
7f4770042000-7f4770046000 r--s 0008b000 08:06 277728                     /usr/lib/jvm/java-7-oracle/jre/lib/jsse.jar
7f477004d000-7f4770052000 r--s 0007e000 08:06 277730                     /usr/lib/jvm/java-7-oracle/jre/lib/jfr.jar
7f4770057000-7f4770060000 r--s 00068000 08:06 277755                     /usr/lib/jvm/java-7-oracle/jre/lib/javaws.jar
7f4770066000-7f477007f000 r--s 001e7000 08:06 277724                     /usr/lib/jvm/java-7-oracle/jre/lib/deploy.jar
7f4770083000-7f477008e000 r--s 0037c000 08:06 277754                     /usr/lib/jvm/java-7-oracle/jre/lib/charsets.jar
7f477008f000-7f4770d6a000 rw-p 00000000 00:00 0 
7f4770d6a000-7f4770f2a000 r--s 039fb000 08:06 277733                     /usr/lib/jvm/java-7-oracle/jre/lib/rt.jar
7f4770f2f000-7f4771000000 rw-p 00000000 00:00 0 
7f4771000000-7f4771270000 rwxp 00000000 00:00 0 
7f4771270000-7f4774384000 rw-p 00000000 00:00 0 
7f4774384000-7f4778000000 ---p 00000000 00:00 0 
7f4778006000-7f4779d32000 rw-p 00000000 00:00 0 
7f4779d32000-7f4779d33000 ---p 00000000 00:00 0 
7f4779d33000-7f4779e33000 rw-p 00000000 00:00 0                          [stack:2942]
7f4779e33000-7f4779e34000 ---p 00000000 00:00 0 
7f4779e34000-7f4779f34000 rw-p 00000000 00:00 0                          [stack:2940]
7f4779f34000-7f4779f35000 ---p 00000000 00:00 0 
7f4779f35000-7f477a035000 rw-p 00000000 00:00 0                          [stack:2939]
7f477a035000-7f477a036000 ---p 00000000 00:00 0 
7f477a036000-7f477a152000 rw-p 00000000 00:00 0                          [stack:2938]
7f477a152000-7f477a23c000 rw-p 00000000 00:00 0 
7f477a23c000-7f477a247000 rw-p 00000000 00:00 0 
7f477a247000-7f477a265000 rw-p 00000000 00:00 0 
7f477a265000-7f477a281000 rw-p 00000000 00:00 0 
7f477a281000-7f477a36b000 rw-p 00000000 00:00 0 
7f477a36b000-7f477a388000 rw-p 00000000 00:00 0 
7f477a388000-7f477a3ee000 rw-p 00000000 00:00 0 
7f477a3ee000-7f477a3ef000 rw-p 00000000 00:00 0 
7f477a3ef000-7f477a406000 r-xp 00000000 08:06 277624                     /usr/lib/jvm/java-7-oracle/jre/lib/amd64/libzip.so
7f477a406000-7f477a606000 ---p 00017000 08:06 277624                     /usr/lib/jvm/java-7-oracle/jre/lib/amd64/libzip.so
7f477a606000-7f477a607000 rw-p 00017000 08:06 277624                     /usr/lib/jvm/java-7-oracle/jre/lib/amd64/libzip.so
7f477a607000-7f477a613000 r-xp 00000000 08:06 787444                     /lib/x86_64-linux-gnu/libnss_files-2.21.so
7f477a613000-7f477a812000 ---p 0000c000 08:06 787444                     /lib/x86_64-linux-gnu/libnss_files-2.21.so
7f477a812000-7f477a813000 r--p 0000b000 08:06 787444                     /lib/x86_64-linux-gnu/libnss_files-2.21.so
7f477a813000-7f477a814000 rw-p 0000c000 08:06 787444                     /lib/x86_64-linux-gnu/libnss_files-2.21.so
7f477a817000-7f477a822000 r-xp 00000000 08:06 787454                     /lib/x86_64-linux-gnu/libnss_nis-2.21.so
7f477a822000-7f477aa21000 ---p 0000b000 08:06 787454                     /lib/x86_64-linux-gnu/libnss_nis-2.21.so
7f477aa21000-7f477aa22000 r--p 0000a000 08:06 787454                     /lib/x86_64-linux-gnu/libnss_nis-2.21.so
7f477aa22000-7f477aa23000 rw-p 0000b000 08:06 787454                     /lib/x86_64-linux-gnu/libnss_nis-2.21.so
7f477aa27000-7f477aa3e000 r-xp 00000000 08:06 787438                     /lib/x86_64-linux-gnu/libnsl-2.21.so
7f477aa3e000-7f477ac3d000 ---p 00017000 08:06 787438                     /lib/x86_64-linux-gnu/libnsl-2.21.so
7f477ac3d000-7f477ac3e000 r--p 00016000 08:06 787438                     /lib/x86_64-linux-gnu/libnsl-2.21.so
7f477ac3e000-7f477ac3f000 rw-p 00017000 08:06 787438                     /lib/x86_64-linux-gnu/libnsl-2.21.so
7f477ac3f000-7f477ac41000 rw-p 00000000 00:00 0 
7f477ac47000-7f477ac4f000 r-xp 00000000 08:06 787440                     /lib/x86_64-linux-gnu/libnss_compat-2.21.so
7f477ac4f000-7f477ae4e000 ---p 00008000 08:06 787440                     /lib/x86_64-linux-gnu/libnss_compat-2.21.so
7f477ae4e000-7f477ae4f000 r--p 00007000 08:06 787440                     /lib/x86_64-linux-gnu/libnss_compat-2.21.so
7f477ae4f000-7f477ae50000 rw-p 00008000 08:06 787440                     /lib/x86_64-linux-gnu/libnss_compat-2.21.so
7f477ae57000-7f477ae80000 r-xp 00000000 08:06 277590                     /usr/lib/jvm/java-7-oracle/jre/lib/amd64/libjava.so
7f477ae80000-7f477b080000 ---p 00029000 08:06 277590                     /usr/lib/jvm/java-7-oracle/jre/lib/amd64/libjava.so
7f477b080000-7f477b082000 rw-p 00029000 08:06 277590                     /usr/lib/jvm/java-7-oracle/jre/lib/amd64/libjava.so
7f477b087000-7f477b094000 r-xp 00000000 08:06 277617                     /usr/lib/jvm/java-7-oracle/jre/lib/amd64/libverify.so
7f477b094000-7f477b293000 ---p 0000d000 08:06 277617                     /usr/lib/jvm/java-7-oracle/jre/lib/amd64/libverify.so
7f477b293000-7f477b295000 rw-p 0000c000 08:06 277617                     /usr/lib/jvm/java-7-oracle/jre/lib/amd64/libverify.so
7f477b297000-7f477b29e000 r-xp 00000000 08:06 787499                     /lib/x86_64-linux-gnu/librt-2.21.so
7f477b29e000-7f477b49d000 ---p 00007000 08:06 787499                     /lib/x86_64-linux-gnu/librt-2.21.so
7f477b49d000-7f477b49e000 r--p 00006000 08:06 787499                     /lib/x86_64-linux-gnu/librt-2.21.so
7f477b49e000-7f477b49f000 rw-p 00007000 08:06 787499                     /lib/x86_64-linux-gnu/librt-2.21.so
7f477b49f000-7f477b5a6000 r-xp 00000000 08:06 787417                     /lib/x86_64-linux-gnu/libm-2.21.so
7f477b5a6000-7f477b7a5000 ---p 00107000 08:06 787417                     /lib/x86_64-linux-gnu/libm-2.21.so
7f477b7a5000-7f477b7a6000 r--p 00106000 08:06 787417                     /lib/x86_64-linux-gnu/libm-2.21.so
7f477b7a6000-7f477b7a7000 rw-p 00107000 08:06 787417                     /lib/x86_64-linux-gnu/libm-2.21.so
7f477b7a7000-7f477c31d000 r-xp 00000000 08:06 277644                     /usr/lib/jvm/java-7-oracle/jre/lib/amd64/server/libjvm.so
7f477c31d000-7f477c51c000 ---p 00b76000 08:06 277644                     /usr/lib/jvm/java-7-oracle/jre/lib/amd64/server/libjvm.so
7f477c51c000-7f477c5e0000 rw-p 00b75000 08:06 277644                     /usr/lib/jvm/java-7-oracle/jre/lib/amd64/server/libjvm.so
7f477c5e0000-7f477c621000 rw-p 00000000 00:00 0 
7f477c627000-7f477c7e7000 r-xp 00000000 08:06 787355                     /lib/x86_64-linux-gnu/libc-2.21.so
7f477c7e7000-7f477c9e7000 ---p 001c0000 08:06 787355                     /lib/x86_64-linux-gnu/libc-2.21.so
7f477c9e7000-7f477c9eb000 r--p 001c0000 08:06 787355                     /lib/x86_64-linux-gnu/libc-2.21.so
7f477c9eb000-7f477c9ed000 rw-p 001c4000 08:06 787355                     /lib/x86_64-linux-gnu/libc-2.21.so
7f477c9ed000-7f477c9f1000 rw-p 00000000 00:00 0 
7f477c9f7000-7f477c9fa000 r-xp 00000000 08:06 787374                     /lib/x86_64-linux-gnu/libdl-2.21.so
7f477c9fa000-7f477cbf9000 ---p 00003000 08:06 787374                     /lib/x86_64-linux-gnu/libdl-2.21.so
7f477cbf9000-7f477cbfa000 r--p 00002000 08:06 787374                     /lib/x86_64-linux-gnu/libdl-2.21.so
7f477cbfa000-7f477cbfb000 rw-p 00003000 08:06 787374                     /lib/x86_64-linux-gnu/libdl-2.21.so
7f477cbff000-7f477cc14000 r-xp 00000000 08:06 277781                     /usr/lib/jvm/java-7-oracle/lib/amd64/jli/libjli.so
7f477cc14000-7f477ce13000 ---p 00015000 08:06 277781                     /usr/lib/jvm/java-7-oracle/lib/amd64/jli/libjli.so
7f477ce13000-7f477ce14000 rw-p 00014000 08:06 277781                     /usr/lib/jvm/java-7-oracle/lib/amd64/jli/libjli.so
7f477ce17000-7f477ce2f000 r-xp 00000000 08:06 787491                     /lib/x86_64-linux-gnu/libpthread-2.21.so
7f477ce2f000-7f477d02f000 ---p 00018000 08:06 787491                     /lib/x86_64-linux-gnu/libpthread-2.21.so
7f477d02f000-7f477d030000 r--p 00018000 08:06 787491                     /lib/x86_64-linux-gnu/libpthread-2.21.so
7f477d030000-7f477d031000 rw-p 00019000 08:06 787491                     /lib/x86_64-linux-gnu/libpthread-2.21.so
7f477d031000-7f477d035000 rw-p 00000000 00:00 0 
7f477d037000-7f477d05b000 r-xp 00000000 08:06 787327                     /lib/x86_64-linux-gnu/ld-2.21.so
7f477d060000-7f477d063000 r--s 00019000 08:06 277711                     /usr/lib/jvm/java-7-oracle/jre/lib/jce.jar
7f477d065000-7f477d071000 rw-p 00000000 00:00 0 
7f477d071000-7f477d08f000 rw-p 00000000 00:00 0 
7f477d08f000-7f477d099000 rw-p 00000000 00:00 0 
7f477d099000-7f477d14f000 rw-p 00000000 00:00 0 
7f477d14f000-7f477d157000 rw-s 00000000 08:06 652084                     /tmp/hsperfdata_anastasia/2932
7f477d157000-7f477d158000 rw-p 00000000 00:00 0 
7f477d158000-7f477d159000 ---p 00000000 00:00 0 
7f477d159000-7f477d15c000 ---p 00000000 00:00 0 
7f477d15c000-7f477d25a000 rw-p 00000000 00:00 0                          [stack:2934]
7f477d25a000-7f477d25b000 r--p 00023000 08:06 787327                     /lib/x86_64-linux-gnu/ld-2.21.so
7f477d25b000-7f477d25c000 rw-p 00024000 08:06 787327                     /lib/x86_64-linux-gnu/ld-2.21.so
7f477d25c000-7f477d25e000 rw-p 00000000 00:00 0 
7f477d25e000-7f477d263000 rw-p 00000000 00:00 0 
7ffd3d0fe000-7ffd3d11f000 rw-p 00000000 00:00 0                          [stack]
7ffd3d1a7000-7ffd3d1a9000 r--p 00000000 00:00 0                          [vvar]
7ffd3d1a9000-7ffd3d1ab000 r-xp 00000000 00:00 0                          [vdso]
ffffffffff600000-ffffffffff601000 r-xp 00000000 00:00 0                  [vsyscall]

VM Arguments:
jvm_args: -Didea.launcher.port=7534 -Didea.launcher.bin.path=/home/anastasia/idea-IU-143.1821.5/bin -Dfile.encoding=UTF-8 
java_command: com.intellij.rt.execution.application.AppMain com.company.Main
Launcher Type: SUN_STANDARD

Environment Variables:
PATH=/usr/local/sbin:/usr/local/bin:/usr/sbin:/usr/bin:/sbin:/bin:/usr/games:/usr/local/games
LD_LIBRARY_PATH=/home/anastasia/idea-IU-143.1821.5/bin:
SHELL=/bin/bash
DISPLAY=:0

Signal Handlers:
SIGSEGV: [libjvm.so+0x9a3b20], sa_mask[0]=0x7ffbfeff, sa_flags=0x10000004
SIGBUS: [libjvm.so+0x9a3b20], sa_mask[0]=0x7ffbfeff, sa_flags=0x10000004
SIGFPE: [libjvm.so+0x81e740], sa_mask[0]=0x7ffbfeff, sa_flags=0x10000004
SIGPIPE: [libjvm.so+0x81e740], sa_mask[0]=0x7ffbfeff, sa_flags=0x10000004
SIGXFSZ: [libjvm.so+0x81e740], sa_mask[0]=0x7ffbfeff, sa_flags=0x10000004
SIGILL: [libjvm.so+0x81e740], sa_mask[0]=0x7ffbfeff, sa_flags=0x10000004
SIGUSR1: SIG_DFL, sa_mask[0]=0x00000000, sa_flags=0x00000000
SIGUSR2: [libjvm.so+0x81ffb0], sa_mask[0]=0x00000004, sa_flags=0x10000004
SIGHUP: [libjvm.so+0x8210d0], sa_mask[0]=0x7ffbfeff, sa_flags=0x10000004
SIGINT: [libjvm.so+0x8210d0], sa_mask[0]=0x7ffbfeff, sa_flags=0x10000004
SIGTERM: [libjvm.so+0x8210d0], sa_mask[0]=0x7ffbfeff, sa_flags=0x10000004
SIGQUIT: [libjvm.so+0x8210d0], sa_mask[0]=0x7ffbfeff, sa_flags=0x10000004


---------------  S Y S T E M  ---------------

OS:jessie/sid

uname:Linux 4.2.0-16-generic #19-Ubuntu SMP Thu Oct 8 15:35:06 UTC 2015 x86_64
libc:glibc 2.21 NPTL 2.21 
rlimit: STACK 8192k, CORE 0k, NPROC 12435, NOFILE 65536, AS infinity
load average:11,58 5,65 2,58

/proc/meminfo:
MemTotal:        3218296 kB
MemFree:           25120 kB
MemAvailable:      40628 kB
Buffers:             452 kB
Cached:            27844 kB
SwapCached:            0 kB
Active:          3033276 kB
Inactive:          21192 kB
Active(anon):    3028144 kB
Inactive(anon):    13576 kB
Active(file):       5132 kB
Inactive(file):     7616 kB
Unevictable:          48 kB
Mlocked:              48 kB
SwapTotal:             0 kB
SwapFree:              0 kB
Dirty:               128 kB
Writeback:             0 kB
AnonPages:       3027012 kB
Mapped:            19836 kB
Shmem:             14756 kB
Slab:              58372 kB
SReclaimable:      26756 kB
SUnreclaim:        31616 kB
KernelStack:        9024 kB
PageTables:        33804 kB
NFS_Unstable:          0 kB
Bounce:                0 kB
WritebackTmp:          0 kB
CommitLimit:     1609148 kB
Committed_AS:    6411988 kB
VmallocTotal:   34359738367 kB
VmallocUsed:      288772 kB
VmallocChunk:   34358947836 kB
HardwareCorrupted:     0 kB
AnonHugePages:   1282048 kB
CmaTotal:              0 kB
CmaFree:               0 kB
HugePages_Total:       0
HugePages_Free:        0
HugePages_Rsvd:        0
HugePages_Surp:        0
Hugepagesize:       2048 kB
DirectMap4k:      160576 kB
DirectMap2M:     3192832 kB
DirectMap1G:           0 kB


CPU:total 4 (4 cores per cpu, 1 threads per core) family 21 model 16 stepping 1, cmov, cx8, fxsr, mmx, sse, sse2, sse3, ssse3, sse4.1, sse4.2, popcnt, avx, aes, mmxext, 3dnowpref, lzcnt, sse4a, tsc, tscinvbit, tscinv

/proc/cpuinfo:
processor	: 0
vendor_id	: AuthenticAMD
cpu family	: 21
model		: 16
model name	: AMD A8-4500M APU with Radeon(tm) HD Graphics
stepping	: 1
microcode	: 0x6001119
cpu MHz		: 1400.000
cache size	: 2048 KB
physical id	: 0
siblings	: 4
core id		: 0
cpu cores	: 2
apicid		: 16
initial apicid	: 0
fpu		: yes
fpu_exception	: yes
cpuid level	: 13
wp		: yes
flags		: fpu vme de pse tsc msr pae mce cx8 apic sep mtrr pge mca cmov pat pse36 clflush mmx fxsr sse sse2 ht syscall nx mmxext fxsr_opt pdpe1gb rdtscp lm constant_tsc rep_good nopl nonstop_tsc extd_apicid aperfmperf pni pclmulqdq monitor ssse3 fma cx16 sse4_1 sse4_2 popcnt aes xsave avx f16c lahf_lm cmp_legacy svm extapic cr8_legacy abm sse4a misalignsse 3dnowprefetch osvw ibs xop skinit wdt lwp fma4 tce nodeid_msr tbm topoext perfctr_core perfctr_nb arat cpb hw_pstate npt lbrv svm_lock nrip_save tsc_scale vmcb_clean flushbyasid decodeassists pausefilter pfthreshold vmmcall bmi1
bugs		: fxsave_leak sysret_ss_attrs
bogomips	: 3792.89
TLB size	: 1536 4K pages
clflush size	: 64
cache_alignment	: 64
address sizes	: 48 bits physical, 48 bits virtual
power management: ts ttp tm 100mhzsteps hwpstate cpb eff_freq_ro

processor	: 1
vendor_id	: AuthenticAMD
cpu family	: 21
model		: 16
model name	: AMD A8-4500M APU with Radeon(tm) HD Graphics
stepping	: 1
microcode	: 0x6001119
cpu MHz		: 1400.000
cache size	: 2048 KB
physical id	: 0
siblings	: 4
core id		: 1
cpu cores	: 2
apicid		: 17
initial apicid	: 1
fpu		: yes
fpu_exception	: yes
cpuid level	: 13
wp		: yes
flags		: fpu vme de pse tsc msr pae mce cx8 apic sep mtrr pge mca cmov pat pse36 clflush mmx fxsr sse sse2 ht syscall nx mmxext fxsr_opt pdpe1gb rdtscp lm constant_tsc rep_good nopl nonstop_tsc extd_apicid aperfmperf pni pclmulqdq monitor ssse3 fma cx16 sse4_1 sse4_2 popcnt aes xsave avx f16c lahf_lm cmp_legacy svm extapic cr8_legacy abm sse4a misalignsse 3dnowprefetch osvw ibs xop skinit wdt lwp fma4 tce nodeid_msr tbm topoext perfctr_core perfctr_nb arat cpb hw_pstate npt lbrv svm_lock nrip_save tsc_scale vmcb_clean flushbyasid decodeassists pausefilter pfthreshold vmmcall bmi1
bugs		: fxsave_leak sysret_ss_attrs
bogomips	: 3792.89
TLB size	: 1536 4K pages
clflush size	: 64
cache_alignment	: 64
address sizes	: 48 bits physical, 48 bits virtual
power management: ts ttp tm 100mhzsteps hwpstate cpb eff_freq_ro

processor	: 2
vendor_id	: AuthenticAMD
cpu family	: 21
model		: 16
model name	: AMD A8-4500M APU with Radeon(tm) HD Graphics
stepping	: 1
microcode	: 0x6001119
cpu MHz		: 1400.000
cache size	: 2048 KB
physical id	: 0
siblings	: 4
core id		: 2
cpu cores	: 2
apicid		: 18
initial apicid	: 2
fpu		: yes
fpu_exception	: yes
cpuid level	: 13
wp		: yes
flags		: fpu vme de pse tsc msr pae mce cx8 apic sep mtrr pge mca cmov pat pse36 clflush mmx fxsr sse sse2 ht syscall nx mmxext fxsr_opt pdpe1gb rdtscp lm constant_tsc rep_good nopl nonstop_tsc extd_apicid aperfmperf pni pclmulqdq monitor ssse3 fma cx16 sse4_1 sse4_2 popcnt aes xsave avx f16c lahf_lm cmp_legacy svm extapic cr8_legacy abm sse4a misalignsse 3dnowprefetch osvw ibs xop skinit wdt lwp fma4 tce nodeid_msr tbm topoext perfctr_core perfctr_nb arat cpb hw_pstate npt lbrv svm_lock nrip_save tsc_scale vmcb_clean flushbyasid decodeassists pausefilter pfthreshold vmmcall bmi1
bugs		: fxsave_leak sysret_ss_attrs
bogomips	: 3792.89
TLB size	: 1536 4K pages
clflush size	: 64
cache_alignment	: 64
address sizes	: 48 bits physical, 48 bits virtual
power management: ts ttp tm 100mhzsteps hwpstate cpb eff_freq_ro

processor	: 3
vendor_id	: AuthenticAMD
cpu family	: 21
model		: 16
model name	: AMD A8-4500M APU with Radeon(tm) HD Graphics
stepping	: 1
microcode	: 0x6001119
cpu MHz		: 1900.000
cache size	: 2048 KB
physical id	: 0
siblings	: 4
core id		: 3
cpu cores	: 2
apicid		: 19
initial apicid	: 3
fpu		: yes
fpu_exception	: yes
cpuid level	: 13
wp		: yes
flags		: fpu vme de pse tsc msr pae mce cx8 apic sep mtrr pge mca cmov pat pse36 clflush mmx fxsr sse sse2 ht syscall nx mmxext fxsr_opt pdpe1gb rdtscp lm constant_tsc rep_good nopl nonstop_tsc extd_apicid aperfmperf pni pclmulqdq monitor ssse3 fma cx16 sse4_1 sse4_2 popcnt aes xsave avx f16c lahf_lm cmp_legacy svm extapic cr8_legacy abm sse4a misalignsse 3dnowprefetch osvw ibs xop skinit wdt lwp fma4 tce nodeid_msr tbm topoext perfctr_core perfctr_nb arat cpb hw_pstate npt lbrv svm_lock nrip_save tsc_scale vmcb_clean flushbyasid decodeassists pausefilter pfthreshold vmmcall bmi1
bugs		: fxsave_leak sysret_ss_attrs
bogomips	: 3792.89
TLB size	: 1536 4K pages
clflush size	: 64
cache_alignment	: 64
address sizes	: 48 bits physical, 48 bits virtual
power management: ts ttp tm 100mhzsteps hwpstate cpb eff_freq_ro



Memory: 4k page, physical 3218296k(27976k free), swap 0k(0k free)

vm_info: Java HotSpot(TM) 64-Bit Server VM (24.80-b11) for linux-amd64 JRE (1.7.0_80-b15), built on Apr 10 2015 19:53:14 by "java_re" with gcc 4.3.0 20080428 (Red Hat 4.3.0-8)

time: Sun Feb 14 22:49:51 2016
elapsed time: 43 seconds

